<?xml version="1.0" encoding="UTF-8"?>
<!-- Generated by org.testng.reporters.JUnitXMLReporter -->
<testsuite ignored="0" hostname="Anurag_Kashyap" failures="1" tests="3" name="Test" time="25.188" errors="0" timestamp="2023-09-05T22:36:07 IST">
  <testcase classname="runner.Test1" name="runner1" time="15.069"/>
  <testcase classname="runner.Test1" name="runner2" time="10.01"/>
  <testcase classname="runner.Test1" name="runner3" time="0.013">
    <failure type="java.lang.Exception" message="Failed due to ..................................">
      <![CDATA[java.lang.Exception: Failed due to ..................................
at runner.Test1.runner3(Test1.java:38)
at java.base/java.util.ArrayList.forEach(ArrayList.java:1541)
... Removed 27 stack frames]]>
    </failure>
  </testcase> <!-- runner3 -->
</testsuite> <!-- Test -->
